<?xml version="1.0" encoding="UTF-8"?>
<testng-results ignored="0" total="6" passed="6" failed="0" skipped="0">
  <reporter-output>
  </reporter-output>
  <suite started-at="2023-05-17T11:29:51 IST" name="Default suite" finished-at="2023-05-17T11:30:02 IST" duration-ms="10505">
    <groups>
    </groups>
    <test started-at="2023-05-17T11:29:51 IST" name="Default test" finished-at="2023-05-17T11:30:02 IST" duration-ms="10505">
      <class name="crudOperation.CRUDOperations">
        <test-method signature="HTTPRequest()[pri:1, instance:crudOperation.CRUDOperations@6e6f2380]" started-at="2023-05-17T11:29:51 IST" name="HTTPRequest" finished-at="2023-05-17T11:29:56 IST" duration-ms="4925" status="PASS">
          <reporter-output>
          </reporter-output>
        </test-method> <!-- HTTPRequest -->
        <test-method signature="GetRequest()[pri:2, instance:crudOperation.CRUDOperations@6e6f2380]" started-at="2023-05-17T11:29:56 IST" name="GetRequest" finished-at="2023-05-17T11:29:57 IST" duration-ms="640" status="PASS">
          <reporter-output>
          </reporter-output>
        </test-method> <!-- GetRequest -->
        <test-method signature="Create()[pri:3, instance:crudOperation.CRUDOperations@6e6f2380]" started-at="2023-05-17T11:29:57 IST" name="Create" finished-at="2023-05-17T11:29:58 IST" duration-ms="1374" status="PASS">
          <reporter-output>
          </reporter-output>
        </test-method> <!-- Create -->
        <test-method signature="Update()[pri:4, instance:crudOperation.CRUDOperations@6e6f2380]" started-at="2023-05-17T11:29:58 IST" name="Update" finished-at="2023-05-17T11:29:59 IST" duration-ms="1196" status="PASS">
          <reporter-output>
          </reporter-output>
        </test-method> <!-- Update -->
        <test-method signature="PATCH()[pri:5, instance:crudOperation.CRUDOperations@6e6f2380]" started-at="2023-05-17T11:29:59 IST" name="PATCH" finished-at="2023-05-17T11:30:00 IST" duration-ms="924" status="PASS">
          <reporter-output>
          </reporter-output>
        </test-method> <!-- PATCH -->
        <test-method signature="Delete()[pri:6, instance:crudOperation.CRUDOperations@6e6f2380]" started-at="2023-05-17T11:30:00 IST" name="Delete" finished-at="2023-05-17T11:30:01 IST" duration-ms="1281" status="PASS">
          <reporter-output>
          </reporter-output>
        </test-method> <!-- Delete -->
      </class> <!-- crudOperation.CRUDOperations -->
    </test> <!-- Default test -->
  </suite> <!-- Default suite -->
</testng-results>
