<?xml version="1.0" encoding="UTF-8"?>
<!-- Generated by org.testng.reporters.JUnitXMLReporter -->
<testsuite ignored="0" hostname="DESKTOP-PHLKVQ5" failures="0" tests="6" name="Default test" time="10.505" errors="0" timestamp="2023-05-17T11:30:02 IST">
  <testcase classname="crudOperation.CRUDOperations" name="HTTPRequest" time="4.925"/>
  <testcase classname="crudOperation.CRUDOperations" name="GetRequest" time="0.64"/>
  <testcase classname="crudOperation.CRUDOperations" name="Create" time="1.374"/>
  <testcase classname="crudOperation.CRUDOperations" name="Update" time="1.196"/>
  <testcase classname="crudOperation.CRUDOperations" name="PATCH" time="0.924"/>
  <testcase classname="crudOperation.CRUDOperations" name="Delete" time="1.281"/>
</testsuite> <!-- Default test -->
